<?xml version="1.0" encoding="UTF-8"?>
<!-- Generated by org.testng.reporters.JUnitXMLReporter -->
<testsuite ignored="8" hostname="LAPTOP-JL6OSVP7" failures="0" tests="39" name="Test" time="896.362" errors="0" timestamp="2025-01-06T12:59:38 IST">
  <testcase classname="test.TC_001_SignUpTest" name="SignUpTest" time="4.21"/>
  <testcase classname="test.TC_001_SignUpTest" name="SignUpTest" time="4.164"/>
  <testcase classname="test.TC_001_SignUpTest" name="SignUpTest" time="4.261"/>
  <testcase classname="test.TC_001_SignUpTest" name="SignUpTest" time="4.059"/>
  <testcase classname="test.TC_001_SignUpTest" name="SignUpTest" time="4.048"/>
  <testcase classname="test.TC_001_SignUpTest" name="SignUpTest" time="4.068"/>
  <testcase classname="test.TC_001_SignUpTest" name="SignUpTest" time="4.215"/>
  <testcase classname="test.TC_002_LoginTest" name="LoginValid" time="3.3"/>
  <testcase classname="test.TC_002_LoginTest" name="LoginValid" time="3.215"/>
  <testcase classname="test.TC_002_LoginTest" name="LoginValid" time="3.271"/>
  <testcase classname="test.TC_002_LoginTest" name="LoginValid" time="3.318"/>
  <testcase classname="test.TC_002_LoginTest" name="LoginValid" time="3.335"/>
  <testcase classname="test.TC_003_AddContactTest" name="AddContactTest" time="19.067"/>
  <testcase classname="test.TC_003_AddContactTest" name="AddContactTest" time="18.256"/>
  <testcase classname="test.TC_003_AddContactTest" name="AddContactTest" time="19.257"/>
  <testcase classname="test.TC_003_AddContactTest" name="AddContactTest" time="18.863"/>
  <testcase classname="test.TC_003_AddContactTest" name="AddContactTest" time="18.942"/>
  <testcase classname="test.TC_003_AddContactTest" name="AddContactTest" time="18.988"/>
  <testcase classname="test.TC_003_AddContactTest" name="AddContactTest" time="19.056"/>
  <testcase classname="test.TC_003_AddContactTest" name="AddContactTest" time="19.083"/>
  <testcase classname="test.TC_003_AddContactTest" name="AddContactTest" time="19.154"/>
  <testcase classname="test.TC_003_AddContactTest" name="AddContactTest" time="19.037"/>
  <testcase classname="test.TC_003_AddContactTest" name="AddContactTest" time="18.957"/>
  <testcase classname="test.TC_003_AddContactTest" name="AddContactTest" time="13.613"/>
  <testcase classname="test.TC_003_AddContactTest" name="AddContactTest" time="13.657"/>
  <testcase classname="test.TC_003_AddContactTest" name="AddContactTest" time="13.573"/>
  <testcase classname="test.TC_003_AddContactTest" name="AddContactTest" time="13.592"/>
  <testcase classname="test.TC_004_EditContactTest" name="EditContactTest" time="70.592"/>
  <testcase classname="test.TC_004_EditContactTest" name="EditContactTest" time="36.849"/>
  <testcase classname="test.TC_004_EditContactTest" name="EditContactTest" time="36.94"/>
  <testcase classname="test.TC_004_EditContactTest" name="EditContactTest" time="36.687"/>
  <testcase classname="test.TC_004_EditContactTest" name="EditContactTest" time="36.782"/>
  <testcase classname="test.TC_004_EditContactTest" name="EditContactTest" time="36.826"/>
  <testcase classname="test.TC_004_EditContactTest" name="EditContactTest" time="36.946"/>
  <testcase classname="test.TC_004_EditContactTest" name="EditContactTest" time="36.871"/>
  <testcase classname="test.TC_004_EditContactTest" name="EditContactTest" time="36.836"/>
  <testcase classname="test.TC_004_EditContactTest" name="EditContactTest" time="36.776"/>
  <testcase classname="test.TC_004_EditContactTest" name="EditContactTest" time="51.644"/>
  <testcase classname="test.TC_005_DeleteContactTest" name="DeleteContactTest" time="8.205"/>
  <testcase classname="base.ProjectSpecificationMethods" name="@BeforeSuite reportInitialization" time="0.0">
    <ignored/>
  </testcase> <!-- @BeforeSuite reportInitialization -->
  <testcase classname="base.ProjectSpecificationMethods" name="@BeforeSuite reportInitialization" time="0.0">
    <ignored/>
  </testcase> <!-- @BeforeSuite reportInitialization -->
  <testcase classname="base.ProjectSpecificationMethods" name="@BeforeSuite reportInitialization" time="0.0">
    <ignored/>
  </testcase> <!-- @BeforeSuite reportInitialization -->
  <testcase classname="base.ProjectSpecificationMethods" name="@BeforeSuite reportInitialization" time="0.0">
    <ignored/>
  </testcase> <!-- @BeforeSuite reportInitialization -->
  <testcase classname="base.ProjectSpecificationMethods" name="@AfterSuite reportClose" time="0.0">
    <ignored/>
  </testcase> <!-- @AfterSuite reportClose -->
  <testcase classname="base.ProjectSpecificationMethods" name="@AfterSuite reportClose" time="0.0">
    <ignored/>
  </testcase> <!-- @AfterSuite reportClose -->
  <testcase classname="base.ProjectSpecificationMethods" name="@AfterSuite reportClose" time="0.0">
    <ignored/>
  </testcase> <!-- @AfterSuite reportClose -->
  <testcase classname="base.ProjectSpecificationMethods" name="@AfterSuite reportClose" time="0.0">
    <ignored/>
  </testcase> <!-- @AfterSuite reportClose -->
</testsuite> <!-- Test -->
