<?xml version="1.0" encoding="UTF-8"?>
<!-- Generated by org.testng.reporters.JUnitXMLReporter -->
<testsuite ignored="2" hostname="LAPTOP-JL6OSVP7" failures="0" tests="2" name="Test" time="18.29" errors="0" timestamp="2025-01-06T23:35:58 IST">
  <testcase classname="test.TC_006_LogoutTest" name="EditContactTest" time="7.729"/>
  <testcase classname="test.TC_007_ContactDisplayTest" name="ContactDisplayTest" time="3.647"/>
  <testcase classname="base.ProjectSpecificationMethods" name="@BeforeSuite reportInitialization" time="0.0">
    <ignored/>
  </testcase> <!-- @BeforeSuite reportInitialization -->
  <testcase classname="base.ProjectSpecificationMethods" name="@AfterSuite reportClose" time="0.0">
    <ignored/>
  </testcase> <!-- @AfterSuite reportClose -->
</testsuite> <!-- Test -->
