<?xml version="1.0" encoding="UTF-8"?>
<testng-results ignored="2" total="4" passed="2" failed="0" skipped="0">
  <reporter-output>
  </reporter-output>
  <suite started-at="2025-01-06T23:35:39 IST" name="Suite" finished-at="2025-01-06T23:35:58 IST" duration-ms="18290">
    <groups>
    </groups>
    <test started-at="2025-01-06T23:35:39 IST" name="Test" finished-at="2025-01-06T23:35:58 IST" duration-ms="18290">
      <class name="test.TC_006_LogoutTest">
        <test-method is-config="true" signature="reportInitialization()[pri:0, instance:test.TC_006_LogoutTest@2034b64c]" started-at="2025-01-06T23:35:39 IST" name="reportInitialization" finished-at="2025-01-06T23:35:39 IST" duration-ms="231" status="PASS">
          <reporter-output>
          </reporter-output>
        </test-method> <!-- reportInitialization -->
        <test-method is-config="true" signature="setup()[pri:0, instance:test.TC_006_LogoutTest@2034b64c]" started-at="2025-01-06T23:35:39 IST" name="setup" finished-at="2025-01-06T23:35:39 IST" duration-ms="1" status="PASS">
          <reporter-output>
          </reporter-output>
        </test-method> <!-- setup -->
        <test-method is-config="true" signature="testDetails()[pri:0, instance:test.TC_006_LogoutTest@2034b64c]" started-at="2025-01-06T23:35:39 IST" name="testDetails" finished-at="2025-01-06T23:35:39 IST" duration-ms="7" status="PASS">
          <reporter-output>
          </reporter-output>
        </test-method> <!-- testDetails -->
        <test-method is-config="true" signature="launchAndLoadURL(java.lang.String,java.lang.String)[pri:0, instance:test.TC_006_LogoutTest@2034b64c]" started-at="2025-01-06T23:35:39 IST" name="launchAndLoadURL" finished-at="2025-01-06T23:35:43 IST" duration-ms="3798" status="PASS">
          <params>
            <param index="0">
              <value>
                <![CDATA[https://thinking-tester-contact-list.herokuapp.com/]]>
              </value>
            </param>
            <param index="1">
              <value>
                <![CDATA[Chrome]]>
              </value>
            </param>
          </params>
          <reporter-output>
          </reporter-output>
        </test-method> <!-- launchAndLoadURL -->
        <test-method signature="EditContactTest()[pri:0, instance:test.TC_006_LogoutTest@2034b64c]" started-at="2025-01-06T23:35:43 IST" name="EditContactTest" finished-at="2025-01-06T23:35:51 IST" duration-ms="7729" status="PASS">
          <reporter-output>
          </reporter-output>
        </test-method> <!-- EditContactTest -->
        <test-method is-config="true" signature="browserClose()[pri:0, instance:test.TC_006_LogoutTest@2034b64c]" started-at="2025-01-06T23:35:51 IST" name="browserClose" finished-at="2025-01-06T23:35:51 IST" duration-ms="151" status="PASS">
          <reporter-output>
          </reporter-output>
        </test-method> <!-- browserClose -->
        <test-method is-config="true" signature="reportClose()[pri:0, instance:test.TC_006_LogoutTest@2034b64c]" started-at="2025-01-06T23:35:58 IST" name="reportClose" finished-at="2025-01-06T23:35:58 IST" duration-ms="292" status="PASS">
          <reporter-output>
          </reporter-output>
        </test-method> <!-- reportClose -->
      </class> <!-- test.TC_006_LogoutTest -->
      <class name="test.TC_007_ContactDisplayTest">
        <test-method is-config="true" signature="setup()[pri:0, instance:test.TC_007_ContactDisplayTest@53045c6c]" started-at="2025-01-06T23:35:39 IST" name="setup" finished-at="2025-01-06T23:35:39 IST" duration-ms="0" status="PASS">
          <reporter-output>
          </reporter-output>
        </test-method> <!-- setup -->
        <test-method is-config="true" signature="testDetails()[pri:0, instance:test.TC_007_ContactDisplayTest@53045c6c]" started-at="2025-01-06T23:35:51 IST" name="testDetails" finished-at="2025-01-06T23:35:51 IST" duration-ms="2" status="PASS">
          <reporter-output>
          </reporter-output>
        </test-method> <!-- testDetails -->
        <test-method is-config="true" signature="launchAndLoadURL(java.lang.String,java.lang.String)[pri:0, instance:test.TC_007_ContactDisplayTest@53045c6c]" started-at="2025-01-06T23:35:51 IST" name="launchAndLoadURL" finished-at="2025-01-06T23:35:54 IST" duration-ms="2809" status="PASS">
          <params>
            <param index="0">
              <value>
                <![CDATA[https://thinking-tester-contact-list.herokuapp.com/]]>
              </value>
            </param>
            <param index="1">
              <value>
                <![CDATA[Chrome]]>
              </value>
            </param>
          </params>
          <reporter-output>
          </reporter-output>
        </test-method> <!-- launchAndLoadURL -->
        <test-method signature="ContactDisplayTest()[pri:0, instance:test.TC_007_ContactDisplayTest@53045c6c]" started-at="2025-01-06T23:35:54 IST" name="ContactDisplayTest" finished-at="2025-01-06T23:35:57 IST" duration-ms="3647" status="PASS">
          <reporter-output>
          </reporter-output>
        </test-method> <!-- ContactDisplayTest -->
        <test-method is-config="true" signature="browserClose()[pri:0, instance:test.TC_007_ContactDisplayTest@53045c6c]" started-at="2025-01-06T23:35:57 IST" name="browserClose" finished-at="2025-01-06T23:35:58 IST" duration-ms="110" status="PASS">
          <reporter-output>
          </reporter-output>
        </test-method> <!-- browserClose -->
      </class> <!-- test.TC_007_ContactDisplayTest -->
    </test> <!-- Test -->
  </suite> <!-- Suite -->
</testng-results>
